C:\USERS\ANIA\DESKTOP\CG_V11\CG\DEBUG\ABSTRACTCAMARA.OBJ
C:\USERS\ANIA\DESKTOP\CG_V11\CG\DEBUG\CG.EXE.EMBED.MANIFEST
C:\USERS\ANIA\DESKTOP\CG_V11\CG\DEBUG\CG.EXE.EMBED.MANIFEST.RES
C:\USERS\ANIA\DESKTOP\CG_V11\CG\DEBUG\CG.EXE.INTERMEDIATE.MANIFEST
C:\USERS\ANIA\DESKTOP\CG_V11\CG\DEBUG\CG.OBJ
C:\USERS\ANIA\DESKTOP\CG_V11\CG\DEBUG\CG.PCH
C:\USERS\ANIA\DESKTOP\CG_V11\CG\DEBUG\FANTASMA.OBJ
C:\USERS\ANIA\DESKTOP\CG_V11\CG\DEBUG\LABIRINTO.OBJ
C:\USERS\ANIA\DESKTOP\CG_V11\CG\DEBUG\OLHO.OBJ
C:\USERS\ANIA\DESKTOP\CG_V11\CG\DEBUG\ORTHOCAMARA.OBJ
C:\USERS\ANIA\DESKTOP\CG_V11\CG\DEBUG\PACMAN.OBJ
C:\USERS\ANIA\DESKTOP\CG_V11\CG\DEBUG\PERSPCAMARA.OBJ
C:\USERS\ANIA\DESKTOP\CG_V11\CG\DEBUG\STDAFX.OBJ
C:\USERS\ANIA\DESKTOP\CG_V11\CG\DEBUG\VC100.PDB
C:\USERS\ANIA\DESKTOP\CG_V11\DEBUG\CG.EXE
C:\USERS\ANIA\DESKTOP\CG_V11\DEBUG\CG.ILK
C:\USERS\ANIA\DESKTOP\CG_V11\DEBUG\CG.PDB
C:\USERS\ANIA\DESKTOP\IST\2O SEM\CG\LABS\PROJ\CG\CG\DEBUG\ABSTRACTCAMARA.OBJ
C:\USERS\ANIA\DESKTOP\IST\2O SEM\CG\LABS\PROJ\CG\CG\DEBUG\BOCA.OBJ
C:\Users\ania\Desktop\ist\2o sem\cg\labs\proj\cg\cg\Debug\Camara.obj
C:\USERS\ANIA\DESKTOP\IST\2O SEM\CG\LABS\PROJ\CG\CG\DEBUG\CG.EXE.EMBED.MANIFEST
C:\USERS\ANIA\DESKTOP\IST\2O SEM\CG\LABS\PROJ\CG\CG\DEBUG\CG.EXE.EMBED.MANIFEST.RES
C:\USERS\ANIA\DESKTOP\IST\2O SEM\CG\LABS\PROJ\CG\CG\DEBUG\CG.EXE.INTERMEDIATE.MANIFEST
C:\USERS\ANIA\DESKTOP\IST\2O SEM\CG\LABS\PROJ\CG\CG\DEBUG\CG.OBJ
C:\USERS\ANIA\DESKTOP\IST\2O SEM\CG\LABS\PROJ\CG\CG\DEBUG\CG.PCH
C:\Users\ania\Desktop\ist\2o sem\cg\labs\proj\cg\cg\Debug\cg_manifest.rc
C:\Users\ania\Desktop\ist\2o sem\cg\labs\proj\cg\cg\Debug\cl.command.1.tlog
C:\Users\ania\Desktop\ist\2o sem\cg\labs\proj\cg\cg\Debug\CL.read.1.tlog
C:\Users\ania\Desktop\ist\2o sem\cg\labs\proj\cg\cg\Debug\CL.write.1.tlog
C:\USERS\ANIA\DESKTOP\IST\2O SEM\CG\LABS\PROJ\CG\CG\DEBUG\FANTASMA.OBJ
C:\USERS\ANIA\DESKTOP\IST\2O SEM\CG\LABS\PROJ\CG\CG\DEBUG\GAME.OBJ
C:\USERS\ANIA\DESKTOP\IST\2O SEM\CG\LABS\PROJ\CG\CG\DEBUG\LABIRINTO.OBJ
C:\Users\ania\Desktop\ist\2o sem\cg\labs\proj\cg\cg\Debug\link.1224.read.1.tlog
C:\Users\ania\Desktop\ist\2o sem\cg\labs\proj\cg\cg\Debug\link.1224.write.1.tlog
C:\Users\ania\Desktop\ist\2o sem\cg\labs\proj\cg\cg\Debug\link.1224-cvtres.read.1.tlog
C:\Users\ania\Desktop\ist\2o sem\cg\labs\proj\cg\cg\Debug\link.1224-cvtres.write.1.tlog
C:\Users\ania\Desktop\ist\2o sem\cg\labs\proj\cg\cg\Debug\link.1396.read.1.tlog
C:\Users\ania\Desktop\ist\2o sem\cg\labs\proj\cg\cg\Debug\link.1396.write.1.tlog
C:\Users\ania\Desktop\ist\2o sem\cg\labs\proj\cg\cg\Debug\link.1396-cvtres.read.1.tlog
C:\Users\ania\Desktop\ist\2o sem\cg\labs\proj\cg\cg\Debug\link.1396-cvtres.write.1.tlog
C:\Users\ania\Desktop\ist\2o sem\cg\labs\proj\cg\cg\Debug\link.1516.read.1.tlog
C:\Users\ania\Desktop\ist\2o sem\cg\labs\proj\cg\cg\Debug\link.1516.write.1.tlog
C:\Users\ania\Desktop\ist\2o sem\cg\labs\proj\cg\cg\Debug\link.1516-cvtres.read.1.tlog
C:\Users\ania\Desktop\ist\2o sem\cg\labs\proj\cg\cg\Debug\link.1516-cvtres.write.1.tlog
C:\Users\ania\Desktop\ist\2o sem\cg\labs\proj\cg\cg\Debug\link.15392.read.1.tlog
C:\Users\ania\Desktop\ist\2o sem\cg\labs\proj\cg\cg\Debug\link.15392.write.1.tlog
C:\Users\ania\Desktop\ist\2o sem\cg\labs\proj\cg\cg\Debug\link.15392-cvtres.read.1.tlog
C:\Users\ania\Desktop\ist\2o sem\cg\labs\proj\cg\cg\Debug\link.15392-cvtres.write.1.tlog
C:\Users\ania\Desktop\ist\2o sem\cg\labs\proj\cg\cg\Debug\link.1564.read.1.tlog
C:\Users\ania\Desktop\ist\2o sem\cg\labs\proj\cg\cg\Debug\link.1564.write.1.tlog
C:\Users\ania\Desktop\ist\2o sem\cg\labs\proj\cg\cg\Debug\link.1564-cvtres.read.1.tlog
C:\Users\ania\Desktop\ist\2o sem\cg\labs\proj\cg\cg\Debug\link.1564-cvtres.write.1.tlog
C:\Users\ania\Desktop\ist\2o sem\cg\labs\proj\cg\cg\Debug\link.1632.read.1.tlog
C:\Users\ania\Desktop\ist\2o sem\cg\labs\proj\cg\cg\Debug\link.1632.write.1.tlog
C:\Users\ania\Desktop\ist\2o sem\cg\labs\proj\cg\cg\Debug\link.1632-cvtres.read.1.tlog
C:\Users\ania\Desktop\ist\2o sem\cg\labs\proj\cg\cg\Debug\link.1632-cvtres.write.1.tlog
C:\Users\ania\Desktop\ist\2o sem\cg\labs\proj\cg\cg\Debug\link.17020.read.1.tlog
C:\Users\ania\Desktop\ist\2o sem\cg\labs\proj\cg\cg\Debug\link.17020.write.1.tlog
C:\Users\ania\Desktop\ist\2o sem\cg\labs\proj\cg\cg\Debug\link.17020-cvtres.read.1.tlog
C:\Users\ania\Desktop\ist\2o sem\cg\labs\proj\cg\cg\Debug\link.17020-cvtres.write.1.tlog
C:\Users\ania\Desktop\ist\2o sem\cg\labs\proj\cg\cg\Debug\link.18528.read.1.tlog
C:\Users\ania\Desktop\ist\2o sem\cg\labs\proj\cg\cg\Debug\link.18528.write.1.tlog
C:\Users\ania\Desktop\ist\2o sem\cg\labs\proj\cg\cg\Debug\link.18528-cvtres.read.1.tlog
C:\Users\ania\Desktop\ist\2o sem\cg\labs\proj\cg\cg\Debug\link.18528-cvtres.write.1.tlog
C:\Users\ania\Desktop\ist\2o sem\cg\labs\proj\cg\cg\Debug\link.18720.read.1.tlog
C:\Users\ania\Desktop\ist\2o sem\cg\labs\proj\cg\cg\Debug\link.18720.write.1.tlog
C:\Users\ania\Desktop\ist\2o sem\cg\labs\proj\cg\cg\Debug\link.18720-cvtres.read.1.tlog
C:\Users\ania\Desktop\ist\2o sem\cg\labs\proj\cg\cg\Debug\link.18720-cvtres.write.1.tlog
C:\Users\ania\Desktop\ist\2o sem\cg\labs\proj\cg\cg\Debug\link.18804.read.1.tlog
C:\Users\ania\Desktop\ist\2o sem\cg\labs\proj\cg\cg\Debug\link.18804.write.1.tlog
C:\Users\ania\Desktop\ist\2o sem\cg\labs\proj\cg\cg\Debug\link.18804-cvtres.read.1.tlog
C:\Users\ania\Desktop\ist\2o sem\cg\labs\proj\cg\cg\Debug\link.18804-cvtres.write.1.tlog
C:\Users\ania\Desktop\ist\2o sem\cg\labs\proj\cg\cg\Debug\link.19652.read.1.tlog
C:\Users\ania\Desktop\ist\2o sem\cg\labs\proj\cg\cg\Debug\link.19652.write.1.tlog
C:\Users\ania\Desktop\ist\2o sem\cg\labs\proj\cg\cg\Debug\link.19652-cvtres.read.1.tlog
C:\Users\ania\Desktop\ist\2o sem\cg\labs\proj\cg\cg\Debug\link.19652-cvtres.write.1.tlog
C:\Users\ania\Desktop\ist\2o sem\cg\labs\proj\cg\cg\Debug\link.20700.read.1.tlog
C:\Users\ania\Desktop\ist\2o sem\cg\labs\proj\cg\cg\Debug\link.20700.write.1.tlog
C:\Users\ania\Desktop\ist\2o sem\cg\labs\proj\cg\cg\Debug\link.20700-cvtres.read.1.tlog
C:\Users\ania\Desktop\ist\2o sem\cg\labs\proj\cg\cg\Debug\link.20700-cvtres.write.1.tlog
C:\Users\ania\Desktop\ist\2o sem\cg\labs\proj\cg\cg\Debug\link.22440.read.1.tlog
C:\Users\ania\Desktop\ist\2o sem\cg\labs\proj\cg\cg\Debug\link.22440.write.1.tlog
C:\Users\ania\Desktop\ist\2o sem\cg\labs\proj\cg\cg\Debug\link.22440-cvtres.read.1.tlog
C:\Users\ania\Desktop\ist\2o sem\cg\labs\proj\cg\cg\Debug\link.22440-cvtres.write.1.tlog
C:\Users\ania\Desktop\ist\2o sem\cg\labs\proj\cg\cg\Debug\link.23284.read.1.tlog
C:\Users\ania\Desktop\ist\2o sem\cg\labs\proj\cg\cg\Debug\link.23284.write.1.tlog
C:\Users\ania\Desktop\ist\2o sem\cg\labs\proj\cg\cg\Debug\link.23284-cvtres.read.1.tlog
C:\Users\ania\Desktop\ist\2o sem\cg\labs\proj\cg\cg\Debug\link.23284-cvtres.write.1.tlog
C:\Users\ania\Desktop\ist\2o sem\cg\labs\proj\cg\cg\Debug\link.2524.read.1.tlog
C:\Users\ania\Desktop\ist\2o sem\cg\labs\proj\cg\cg\Debug\link.2524.write.1.tlog
C:\Users\ania\Desktop\ist\2o sem\cg\labs\proj\cg\cg\Debug\link.2524-cvtres.read.1.tlog
C:\Users\ania\Desktop\ist\2o sem\cg\labs\proj\cg\cg\Debug\link.2524-cvtres.write.1.tlog
C:\Users\ania\Desktop\ist\2o sem\cg\labs\proj\cg\cg\Debug\link.3052.read.1.tlog
C:\Users\ania\Desktop\ist\2o sem\cg\labs\proj\cg\cg\Debug\link.3052.write.1.tlog
C:\Users\ania\Desktop\ist\2o sem\cg\labs\proj\cg\cg\Debug\link.3052-cvtres.read.1.tlog
C:\Users\ania\Desktop\ist\2o sem\cg\labs\proj\cg\cg\Debug\link.3052-cvtres.write.1.tlog
C:\Users\ania\Desktop\ist\2o sem\cg\labs\proj\cg\cg\Debug\link.3192.read.1.tlog
C:\Users\ania\Desktop\ist\2o sem\cg\labs\proj\cg\cg\Debug\link.3192.write.1.tlog
C:\Users\ania\Desktop\ist\2o sem\cg\labs\proj\cg\cg\Debug\link.3192-cvtres.read.1.tlog
C:\Users\ania\Desktop\ist\2o sem\cg\labs\proj\cg\cg\Debug\link.3192-cvtres.write.1.tlog
C:\Users\ania\Desktop\ist\2o sem\cg\labs\proj\cg\cg\Debug\link.3948.read.1.tlog
C:\Users\ania\Desktop\ist\2o sem\cg\labs\proj\cg\cg\Debug\link.3948.write.1.tlog
C:\Users\ania\Desktop\ist\2o sem\cg\labs\proj\cg\cg\Debug\link.3948-cvtres.read.1.tlog
C:\Users\ania\Desktop\ist\2o sem\cg\labs\proj\cg\cg\Debug\link.3948-cvtres.write.1.tlog
C:\Users\ania\Desktop\ist\2o sem\cg\labs\proj\cg\cg\Debug\link.40852.read.1.tlog
C:\Users\ania\Desktop\ist\2o sem\cg\labs\proj\cg\cg\Debug\link.40852.write.1.tlog
C:\Users\ania\Desktop\ist\2o sem\cg\labs\proj\cg\cg\Debug\link.40852-cvtres.read.1.tlog
C:\Users\ania\Desktop\ist\2o sem\cg\labs\proj\cg\cg\Debug\link.40852-cvtres.write.1.tlog
C:\Users\ania\Desktop\ist\2o sem\cg\labs\proj\cg\cg\Debug\link.420.read.1.tlog
C:\Users\ania\Desktop\ist\2o sem\cg\labs\proj\cg\cg\Debug\link.420.write.1.tlog
C:\Users\ania\Desktop\ist\2o sem\cg\labs\proj\cg\cg\Debug\link.420-cvtres.read.1.tlog
C:\Users\ania\Desktop\ist\2o sem\cg\labs\proj\cg\cg\Debug\link.420-cvtres.write.1.tlog
C:\Users\ania\Desktop\ist\2o sem\cg\labs\proj\cg\cg\Debug\link.4356.read.1.tlog
C:\Users\ania\Desktop\ist\2o sem\cg\labs\proj\cg\cg\Debug\link.4356.write.1.tlog
C:\Users\ania\Desktop\ist\2o sem\cg\labs\proj\cg\cg\Debug\link.4356-cvtres.read.1.tlog
C:\Users\ania\Desktop\ist\2o sem\cg\labs\proj\cg\cg\Debug\link.4356-cvtres.write.1.tlog
C:\Users\ania\Desktop\ist\2o sem\cg\labs\proj\cg\cg\Debug\link.4864.read.1.tlog
C:\Users\ania\Desktop\ist\2o sem\cg\labs\proj\cg\cg\Debug\link.4864.write.1.tlog
C:\Users\ania\Desktop\ist\2o sem\cg\labs\proj\cg\cg\Debug\link.4864-cvtres.read.1.tlog
C:\Users\ania\Desktop\ist\2o sem\cg\labs\proj\cg\cg\Debug\link.4864-cvtres.write.1.tlog
C:\Users\ania\Desktop\ist\2o sem\cg\labs\proj\cg\cg\Debug\link.4872.read.1.tlog
C:\Users\ania\Desktop\ist\2o sem\cg\labs\proj\cg\cg\Debug\link.4872.write.1.tlog
C:\Users\ania\Desktop\ist\2o sem\cg\labs\proj\cg\cg\Debug\link.4872-cvtres.read.1.tlog
C:\Users\ania\Desktop\ist\2o sem\cg\labs\proj\cg\cg\Debug\link.4872-cvtres.write.1.tlog
C:\Users\ania\Desktop\ist\2o sem\cg\labs\proj\cg\cg\Debug\link.4976.read.1.tlog
C:\Users\ania\Desktop\ist\2o sem\cg\labs\proj\cg\cg\Debug\link.4976.write.1.tlog
C:\Users\ania\Desktop\ist\2o sem\cg\labs\proj\cg\cg\Debug\link.4976-cvtres.read.1.tlog
C:\Users\ania\Desktop\ist\2o sem\cg\labs\proj\cg\cg\Debug\link.4976-cvtres.write.1.tlog
C:\Users\ania\Desktop\ist\2o sem\cg\labs\proj\cg\cg\Debug\link.5220.read.1.tlog
C:\Users\ania\Desktop\ist\2o sem\cg\labs\proj\cg\cg\Debug\link.5220.write.1.tlog
C:\Users\ania\Desktop\ist\2o sem\cg\labs\proj\cg\cg\Debug\link.5220-cvtres.read.1.tlog
C:\Users\ania\Desktop\ist\2o sem\cg\labs\proj\cg\cg\Debug\link.5220-cvtres.write.1.tlog
C:\Users\ania\Desktop\ist\2o sem\cg\labs\proj\cg\cg\Debug\link.5232.read.1.tlog
C:\Users\ania\Desktop\ist\2o sem\cg\labs\proj\cg\cg\Debug\link.5232.write.1.tlog
C:\Users\ania\Desktop\ist\2o sem\cg\labs\proj\cg\cg\Debug\link.5232-cvtres.read.1.tlog
C:\Users\ania\Desktop\ist\2o sem\cg\labs\proj\cg\cg\Debug\link.5232-cvtres.write.1.tlog
C:\Users\ania\Desktop\ist\2o sem\cg\labs\proj\cg\cg\Debug\link.5468.read.1.tlog
C:\Users\ania\Desktop\ist\2o sem\cg\labs\proj\cg\cg\Debug\link.5468.write.1.tlog
C:\Users\ania\Desktop\ist\2o sem\cg\labs\proj\cg\cg\Debug\link.5468-cvtres.read.1.tlog
C:\Users\ania\Desktop\ist\2o sem\cg\labs\proj\cg\cg\Debug\link.5468-cvtres.write.1.tlog
C:\Users\ania\Desktop\ist\2o sem\cg\labs\proj\cg\cg\Debug\link.5800.read.1.tlog
C:\Users\ania\Desktop\ist\2o sem\cg\labs\proj\cg\cg\Debug\link.5800.write.1.tlog
C:\Users\ania\Desktop\ist\2o sem\cg\labs\proj\cg\cg\Debug\link.5800-cvtres.read.1.tlog
C:\Users\ania\Desktop\ist\2o sem\cg\labs\proj\cg\cg\Debug\link.5800-cvtres.write.1.tlog
C:\Users\ania\Desktop\ist\2o sem\cg\labs\proj\cg\cg\Debug\link.5992.read.1.tlog
C:\Users\ania\Desktop\ist\2o sem\cg\labs\proj\cg\cg\Debug\link.5992.write.1.tlog
C:\Users\ania\Desktop\ist\2o sem\cg\labs\proj\cg\cg\Debug\link.5992-cvtres.read.1.tlog
C:\Users\ania\Desktop\ist\2o sem\cg\labs\proj\cg\cg\Debug\link.5992-cvtres.write.1.tlog
C:\Users\ania\Desktop\ist\2o sem\cg\labs\proj\cg\cg\Debug\link.6004.read.1.tlog
C:\Users\ania\Desktop\ist\2o sem\cg\labs\proj\cg\cg\Debug\link.6004.write.1.tlog
C:\Users\ania\Desktop\ist\2o sem\cg\labs\proj\cg\cg\Debug\link.6004-cvtres.read.1.tlog
C:\Users\ania\Desktop\ist\2o sem\cg\labs\proj\cg\cg\Debug\link.6004-cvtres.write.1.tlog
C:\Users\ania\Desktop\ist\2o sem\cg\labs\proj\cg\cg\Debug\link.6056.read.1.tlog
C:\Users\ania\Desktop\ist\2o sem\cg\labs\proj\cg\cg\Debug\link.6056.write.1.tlog
C:\Users\ania\Desktop\ist\2o sem\cg\labs\proj\cg\cg\Debug\link.6056-cvtres.read.1.tlog
C:\Users\ania\Desktop\ist\2o sem\cg\labs\proj\cg\cg\Debug\link.6056-cvtres.write.1.tlog
C:\Users\ania\Desktop\ist\2o sem\cg\labs\proj\cg\cg\Debug\link.6092.read.1.tlog
C:\Users\ania\Desktop\ist\2o sem\cg\labs\proj\cg\cg\Debug\link.6092.write.1.tlog
C:\Users\ania\Desktop\ist\2o sem\cg\labs\proj\cg\cg\Debug\link.6092-cvtres.read.1.tlog
C:\Users\ania\Desktop\ist\2o sem\cg\labs\proj\cg\cg\Debug\link.6092-cvtres.write.1.tlog
C:\Users\ania\Desktop\ist\2o sem\cg\labs\proj\cg\cg\Debug\link.6100.read.1.tlog
C:\Users\ania\Desktop\ist\2o sem\cg\labs\proj\cg\cg\Debug\link.6100.write.1.tlog
C:\Users\ania\Desktop\ist\2o sem\cg\labs\proj\cg\cg\Debug\link.6100-cvtres.read.1.tlog
C:\Users\ania\Desktop\ist\2o sem\cg\labs\proj\cg\cg\Debug\link.6100-cvtres.write.1.tlog
C:\Users\ania\Desktop\ist\2o sem\cg\labs\proj\cg\cg\Debug\link.6300.read.1.tlog
C:\Users\ania\Desktop\ist\2o sem\cg\labs\proj\cg\cg\Debug\link.6300.write.1.tlog
C:\Users\ania\Desktop\ist\2o sem\cg\labs\proj\cg\cg\Debug\link.6300-cvtres.read.1.tlog
C:\Users\ania\Desktop\ist\2o sem\cg\labs\proj\cg\cg\Debug\link.6300-cvtres.write.1.tlog
C:\Users\ania\Desktop\ist\2o sem\cg\labs\proj\cg\cg\Debug\link.6692.read.1.tlog
C:\Users\ania\Desktop\ist\2o sem\cg\labs\proj\cg\cg\Debug\link.6692.write.1.tlog
C:\Users\ania\Desktop\ist\2o sem\cg\labs\proj\cg\cg\Debug\link.6796.read.1.tlog
C:\Users\ania\Desktop\ist\2o sem\cg\labs\proj\cg\cg\Debug\link.6796.write.1.tlog
C:\Users\ania\Desktop\ist\2o sem\cg\labs\proj\cg\cg\Debug\link.6796-cvtres.read.1.tlog
C:\Users\ania\Desktop\ist\2o sem\cg\labs\proj\cg\cg\Debug\link.6796-cvtres.write.1.tlog
C:\Users\ania\Desktop\ist\2o sem\cg\labs\proj\cg\cg\Debug\link.7284.read.1.tlog
C:\Users\ania\Desktop\ist\2o sem\cg\labs\proj\cg\cg\Debug\link.7284.write.1.tlog
C:\Users\ania\Desktop\ist\2o sem\cg\labs\proj\cg\cg\Debug\link.7284-cvtres.read.1.tlog
C:\Users\ania\Desktop\ist\2o sem\cg\labs\proj\cg\cg\Debug\link.7284-cvtres.write.1.tlog
C:\Users\ania\Desktop\ist\2o sem\cg\labs\proj\cg\cg\Debug\link.8128.read.1.tlog
C:\Users\ania\Desktop\ist\2o sem\cg\labs\proj\cg\cg\Debug\link.8128.write.1.tlog
C:\Users\ania\Desktop\ist\2o sem\cg\labs\proj\cg\cg\Debug\link.8128-cvtres.read.1.tlog
C:\Users\ania\Desktop\ist\2o sem\cg\labs\proj\cg\cg\Debug\link.8128-cvtres.write.1.tlog
C:\Users\ania\Desktop\ist\2o sem\cg\labs\proj\cg\cg\Debug\link.8160.read.1.tlog
C:\Users\ania\Desktop\ist\2o sem\cg\labs\proj\cg\cg\Debug\link.8160.write.1.tlog
C:\Users\ania\Desktop\ist\2o sem\cg\labs\proj\cg\cg\Debug\link.8160-cvtres.read.1.tlog
C:\Users\ania\Desktop\ist\2o sem\cg\labs\proj\cg\cg\Debug\link.8160-cvtres.write.1.tlog
C:\Users\ania\Desktop\ist\2o sem\cg\labs\proj\cg\cg\Debug\link.8868.read.1.tlog
C:\Users\ania\Desktop\ist\2o sem\cg\labs\proj\cg\cg\Debug\link.8868.write.1.tlog
C:\Users\ania\Desktop\ist\2o sem\cg\labs\proj\cg\cg\Debug\link.8868-cvtres.read.1.tlog
C:\Users\ania\Desktop\ist\2o sem\cg\labs\proj\cg\cg\Debug\link.8868-cvtres.write.1.tlog
C:\Users\ania\Desktop\ist\2o sem\cg\labs\proj\cg\cg\Debug\link.9036.read.1.tlog
C:\Users\ania\Desktop\ist\2o sem\cg\labs\proj\cg\cg\Debug\link.9036.write.1.tlog
C:\Users\ania\Desktop\ist\2o sem\cg\labs\proj\cg\cg\Debug\link.9036-cvtres.read.1.tlog
C:\Users\ania\Desktop\ist\2o sem\cg\labs\proj\cg\cg\Debug\link.9036-cvtres.write.1.tlog
C:\Users\ania\Desktop\ist\2o sem\cg\labs\proj\cg\cg\Debug\link.9156.read.1.tlog
C:\Users\ania\Desktop\ist\2o sem\cg\labs\proj\cg\cg\Debug\link.9156.write.1.tlog
C:\Users\ania\Desktop\ist\2o sem\cg\labs\proj\cg\cg\Debug\link.9156-cvtres.read.1.tlog
C:\Users\ania\Desktop\ist\2o sem\cg\labs\proj\cg\cg\Debug\link.9156-cvtres.write.1.tlog
C:\Users\ania\Desktop\ist\2o sem\cg\labs\proj\cg\cg\Debug\link.9748.read.1.tlog
C:\Users\ania\Desktop\ist\2o sem\cg\labs\proj\cg\cg\Debug\link.9748.write.1.tlog
C:\Users\ania\Desktop\ist\2o sem\cg\labs\proj\cg\cg\Debug\link.9748-cvtres.read.1.tlog
C:\Users\ania\Desktop\ist\2o sem\cg\labs\proj\cg\cg\Debug\link.9748-cvtres.write.1.tlog
C:\Users\ania\Desktop\ist\2o sem\cg\labs\proj\cg\cg\Debug\link.command.1.tlog
C:\Users\ania\Desktop\ist\2o sem\cg\labs\proj\cg\cg\Debug\link.read.1.tlog
C:\Users\ania\Desktop\ist\2o sem\cg\labs\proj\cg\cg\Debug\link.write.1.tlog
C:\Users\ania\Desktop\ist\2o sem\cg\labs\proj\cg\cg\Debug\link-cvtres.read.1.tlog
C:\Users\ania\Desktop\ist\2o sem\cg\labs\proj\cg\cg\Debug\link-cvtres.write.1.tlog
C:\Users\ania\Desktop\ist\2o sem\cg\labs\proj\cg\cg\Debug\mt.command.1.tlog
C:\Users\ania\Desktop\ist\2o sem\cg\labs\proj\cg\cg\Debug\mt.read.1.tlog
C:\Users\ania\Desktop\ist\2o sem\cg\labs\proj\cg\cg\Debug\mt.write.1.tlog
C:\USERS\ANIA\DESKTOP\IST\2O SEM\CG\LABS\PROJ\CG\CG\DEBUG\OLHO.OBJ
C:\USERS\ANIA\DESKTOP\IST\2O SEM\CG\LABS\PROJ\CG\CG\DEBUG\ORTHOCAMARA.OBJ
C:\USERS\ANIA\DESKTOP\IST\2O SEM\CG\LABS\PROJ\CG\CG\DEBUG\PACMAN.OBJ
C:\USERS\ANIA\DESKTOP\IST\2O SEM\CG\LABS\PROJ\CG\CG\DEBUG\PERSPCAMARA.OBJ
C:\Users\ania\Desktop\ist\2o sem\cg\labs\proj\cg\cg\Debug\rc.command.1.tlog
C:\Users\ania\Desktop\ist\2o sem\cg\labs\proj\cg\cg\Debug\rc.read.1.tlog
C:\Users\ania\Desktop\ist\2o sem\cg\labs\proj\cg\cg\Debug\rc.write.1.tlog
C:\USERS\ANIA\DESKTOP\IST\2O SEM\CG\LABS\PROJ\CG\CG\DEBUG\STDAFX.OBJ
C:\Users\ania\Desktop\ist\2o sem\cg\labs\proj\cg\cg\Debug\vc100.idb
C:\USERS\ANIA\DESKTOP\IST\2O SEM\CG\LABS\PROJ\CG\CG\DEBUG\VC100.PDB
C:\USERS\ANIA\DESKTOP\IST\2O SEM\CG\LABS\PROJ\CG\DEBUG\CG.EXE
C:\USERS\ANIA\DESKTOP\IST\2O SEM\CG\LABS\PROJ\CG\DEBUG\CG.ILK
C:\USERS\ANIA\DESKTOP\IST\2O SEM\CG\LABS\PROJ\CG\DEBUG\CG.PDB
C:\USERS\ANIA\DESKTOP\IST\2O SEM\CG\LABS\PROJ\CG_V9\CG\DEBUG\ABSTRACTCAMARA.OBJ
C:\USERS\ANIA\DESKTOP\IST\2O SEM\CG\LABS\PROJ\CG_V9\CG\DEBUG\CG.EXE.EMBED.MANIFEST
C:\USERS\ANIA\DESKTOP\IST\2O SEM\CG\LABS\PROJ\CG_V9\CG\DEBUG\CG.EXE.EMBED.MANIFEST.RES
C:\USERS\ANIA\DESKTOP\IST\2O SEM\CG\LABS\PROJ\CG_V9\CG\DEBUG\CG.EXE.INTERMEDIATE.MANIFEST
C:\USERS\ANIA\DESKTOP\IST\2O SEM\CG\LABS\PROJ\CG_V9\CG\DEBUG\CG.OBJ
C:\USERS\ANIA\DESKTOP\IST\2O SEM\CG\LABS\PROJ\CG_V9\CG\DEBUG\CG.PCH
C:\USERS\ANIA\DESKTOP\IST\2O SEM\CG\LABS\PROJ\CG_V9\CG\DEBUG\FANTASMA.OBJ
C:\USERS\ANIA\DESKTOP\IST\2O SEM\CG\LABS\PROJ\CG_V9\CG\DEBUG\LABIRINTO.OBJ
C:\USERS\ANIA\DESKTOP\IST\2O SEM\CG\LABS\PROJ\CG_V9\CG\DEBUG\OLHO.OBJ
C:\USERS\ANIA\DESKTOP\IST\2O SEM\CG\LABS\PROJ\CG_V9\CG\DEBUG\ORTHOCAMARA.OBJ
C:\USERS\ANIA\DESKTOP\IST\2O SEM\CG\LABS\PROJ\CG_V9\CG\DEBUG\PACMAN.OBJ
C:\USERS\ANIA\DESKTOP\IST\2O SEM\CG\LABS\PROJ\CG_V9\CG\DEBUG\PERSPCAMARA.OBJ
C:\USERS\ANIA\DESKTOP\IST\2O SEM\CG\LABS\PROJ\CG_V9\CG\DEBUG\STDAFX.OBJ
C:\USERS\ANIA\DESKTOP\IST\2O SEM\CG\LABS\PROJ\CG_V9\CG\DEBUG\VC100.PDB
C:\USERS\ANIA\DESKTOP\IST\2O SEM\CG\LABS\PROJ\CG_V9\DEBUG\CG.EXE
C:\USERS\ANIA\DESKTOP\IST\2O SEM\CG\LABS\PROJ\CG_V9\DEBUG\CG.ILK
C:\USERS\ANIA\DESKTOP\IST\2O SEM\CG\LABS\PROJ\CG_V9\DEBUG\CG.PDB
C:\USERS\INESC\DOCUMENTS\IST\CADEIRAS\2SEMESTRE\CG\PROJ\CG_V8\PROJETO\CG\DEBUG\ABSTRACTCAMARA.OBJ
C:\USERS\INESC\DOCUMENTS\IST\CADEIRAS\2SEMESTRE\CG\PROJ\CG_V8\PROJETO\CG\DEBUG\CAMARA.OBJ
C:\USERS\INESC\DOCUMENTS\IST\CADEIRAS\2SEMESTRE\CG\PROJ\CG_V8\PROJETO\CG\DEBUG\CG.EXE.EMBED.MANIFEST.RES
C:\USERS\INESC\DOCUMENTS\IST\CADEIRAS\2SEMESTRE\CG\PROJ\CG_V8\PROJETO\CG\DEBUG\CG.EXE.INTERMEDIATE.MANIFEST
C:\USERS\INESC\DOCUMENTS\IST\CADEIRAS\2SEMESTRE\CG\PROJ\CG_V8\PROJETO\CG\DEBUG\CG.OBJ
C:\USERS\INESC\DOCUMENTS\IST\CADEIRAS\2SEMESTRE\CG\PROJ\CG_V8\PROJETO\CG\DEBUG\CG.PCH
C:\USERS\INESC\DOCUMENTS\IST\CADEIRAS\2SEMESTRE\CG\PROJ\CG_V8\PROJETO\CG\DEBUG\LABIRINTO.OBJ
C:\USERS\INESC\DOCUMENTS\IST\CADEIRAS\2SEMESTRE\CG\PROJ\CG_V8\PROJETO\CG\DEBUG\OLHO.OBJ
C:\USERS\INESC\DOCUMENTS\IST\CADEIRAS\2SEMESTRE\CG\PROJ\CG_V8\PROJETO\CG\DEBUG\ORTHOCAMARA.OBJ
C:\USERS\INESC\DOCUMENTS\IST\CADEIRAS\2SEMESTRE\CG\PROJ\CG_V8\PROJETO\CG\DEBUG\PACMAN.OBJ
C:\USERS\INESC\DOCUMENTS\IST\CADEIRAS\2SEMESTRE\CG\PROJ\CG_V8\PROJETO\CG\DEBUG\PERSPCAMARA.OBJ
C:\USERS\INESC\DOCUMENTS\IST\CADEIRAS\2SEMESTRE\CG\PROJ\CG_V8\PROJETO\CG\DEBUG\STDAFX.OBJ
C:\USERS\INESC\DOCUMENTS\IST\CADEIRAS\2SEMESTRE\CG\PROJ\CG_V8\PROJETO\CG\DEBUG\VC100.PDB
C:\USERS\INESC\DOCUMENTS\IST\CADEIRAS\2SEMESTRE\CG\PROJ\CG_V8\PROJETO\DEBUG\CG.EXE
C:\USERS\INESC\DOCUMENTS\IST\CADEIRAS\2SEMESTRE\CG\PROJ\CG_V8\PROJETO\DEBUG\CG.ILK
C:\USERS\INESC\DOCUMENTS\IST\CADEIRAS\2SEMESTRE\CG\PROJ\CG_V8\PROJETO\DEBUG\CG.PDB
C:\USERS\SCARONI\DROPBOX\COMPUTACAO\IST-UTL\CG\LABS\CG_V9 - CóPIA\CG\DEBUG\ABSTRACTCAMARA.OBJ
C:\USERS\SCARONI\DROPBOX\COMPUTACAO\IST-UTL\CG\LABS\CG_V9 - CóPIA\CG\DEBUG\CG.EXE.EMBED.MANIFEST
C:\USERS\SCARONI\DROPBOX\COMPUTACAO\IST-UTL\CG\LABS\CG_V9 - CóPIA\CG\DEBUG\CG.EXE.EMBED.MANIFEST.RES
C:\USERS\SCARONI\DROPBOX\COMPUTACAO\IST-UTL\CG\LABS\CG_V9 - CóPIA\CG\DEBUG\CG.EXE.INTERMEDIATE.MANIFEST
C:\USERS\SCARONI\DROPBOX\COMPUTACAO\IST-UTL\CG\LABS\CG_V9 - CóPIA\CG\DEBUG\CG.OBJ
C:\USERS\SCARONI\DROPBOX\COMPUTACAO\IST-UTL\CG\LABS\CG_V9 - CóPIA\CG\DEBUG\CG.PCH
C:\USERS\SCARONI\DROPBOX\COMPUTACAO\IST-UTL\CG\LABS\CG_V9 - CóPIA\CG\DEBUG\FANTASMA.OBJ
C:\USERS\SCARONI\DROPBOX\COMPUTACAO\IST-UTL\CG\LABS\CG_V9 - CóPIA\CG\DEBUG\LABIRINTO.OBJ
C:\USERS\SCARONI\DROPBOX\COMPUTACAO\IST-UTL\CG\LABS\CG_V9 - CóPIA\CG\DEBUG\OLHO.OBJ
C:\USERS\SCARONI\DROPBOX\COMPUTACAO\IST-UTL\CG\LABS\CG_V9 - CóPIA\CG\DEBUG\ORTHOCAMARA.OBJ
C:\USERS\SCARONI\DROPBOX\COMPUTACAO\IST-UTL\CG\LABS\CG_V9 - CóPIA\CG\DEBUG\PACMAN.OBJ
C:\USERS\SCARONI\DROPBOX\COMPUTACAO\IST-UTL\CG\LABS\CG_V9 - CóPIA\CG\DEBUG\PERSPCAMARA.OBJ
C:\USERS\SCARONI\DROPBOX\COMPUTACAO\IST-UTL\CG\LABS\CG_V9 - CóPIA\CG\DEBUG\STDAFX.OBJ
C:\USERS\SCARONI\DROPBOX\COMPUTACAO\IST-UTL\CG\LABS\CG_V9 - CÓPIA\CG\DEBUG\VC100.PDB
C:\USERS\SCARONI\DROPBOX\COMPUTACAO\IST-UTL\CG\LABS\CG_V9 - CóPIA\DEBUG\CG.EXE
C:\USERS\SCARONI\DROPBOX\COMPUTACAO\IST-UTL\CG\LABS\CG_V9 - CóPIA\DEBUG\CG.ILK
C:\USERS\SCARONI\DROPBOX\COMPUTACAO\IST-UTL\CG\LABS\CG_V9 - CÓPIA\DEBUG\CG.PDB
C:\USERS\SCARONI\DROPBOX\COMPUTACAO\IST-UTL\CG\LABS\PROJECTO_CG_COMPARTILHADO\CG\CG\DEBUG\CG.EXE.EMBED.MANIFEST
C:\USERS\SCARONI\DROPBOX\COMPUTACAO\IST-UTL\CG\LABS\PROJECTO_CG_COMPARTILHADO\CG\CG\DEBUG\CG.EXE.EMBED.MANIFEST.RES
C:\USERS\SCARONI\DROPBOX\COMPUTACAO\IST-UTL\CG\LABS\PROJECTO_CG_COMPARTILHADO\CG\CG\DEBUG\CG.EXE.INTERMEDIATE.MANIFEST
C:\USERS\SCARONI\DROPBOX\COMPUTACAO\IST-UTL\CG\LABS\PROJECTO_CG_COMPARTILHADO\CG\CG\DEBUG\CG.OBJ
C:\USERS\SCARONI\DROPBOX\COMPUTACAO\IST-UTL\CG\LABS\PROJECTO_CG_COMPARTILHADO\CG\CG\DEBUG\CG.PCH
C:\USERS\SCARONI\DROPBOX\COMPUTACAO\IST-UTL\CG\LABS\PROJECTO_CG_COMPARTILHADO\CG\CG\DEBUG\LABIRINTO.OBJ
C:\USERS\SCARONI\DROPBOX\COMPUTACAO\IST-UTL\CG\LABS\PROJECTO_CG_COMPARTILHADO\CG\CG\DEBUG\OLHO.OBJ
C:\USERS\SCARONI\DROPBOX\COMPUTACAO\IST-UTL\CG\LABS\PROJECTO_CG_COMPARTILHADO\CG\CG\DEBUG\PACMAN.OBJ
C:\USERS\SCARONI\DROPBOX\COMPUTACAO\IST-UTL\CG\LABS\PROJECTO_CG_COMPARTILHADO\CG\CG\DEBUG\STDAFX.OBJ
C:\USERS\SCARONI\DROPBOX\COMPUTACAO\IST-UTL\CG\LABS\PROJECTO_CG_COMPARTILHADO\CG\CG\DEBUG\VC100.PDB
C:\USERS\SCARONI\DROPBOX\COMPUTACAO\IST-UTL\CG\LABS\PROJECTO_CG_COMPARTILHADO\CG\DEBUG\CG.EXE
C:\USERS\SCARONI\DROPBOX\COMPUTACAO\IST-UTL\CG\LABS\PROJECTO_CG_COMPARTILHADO\CG\DEBUG\CG.ILK
C:\USERS\SCARONI\DROPBOX\COMPUTACAO\IST-UTL\CG\LABS\PROJECTO_CG_COMPARTILHADO\CG\DEBUG\CG.PDB
C:\USERS\SCARONI\DROPBOX\COMPUTACAO\IST-UTL\CG\LABS\PROJETO\CG\DEBUG\CG.EXE.EMBED.MANIFEST.RES
C:\USERS\SCARONI\DROPBOX\COMPUTACAO\IST-UTL\CG\LABS\PROJETO\CG\DEBUG\CG.EXE.INTERMEDIATE.MANIFEST
C:\USERS\SCARONI\DROPBOX\COMPUTACAO\IST-UTL\CG\LABS\PROJETO\CG\DEBUG\CG.OBJ
C:\USERS\SCARONI\DROPBOX\COMPUTACAO\IST-UTL\CG\LABS\PROJETO\CG\DEBUG\CG.PCH
C:\USERS\SCARONI\DROPBOX\COMPUTACAO\IST-UTL\CG\LABS\PROJETO\CG\DEBUG\LABIRINTO.OBJ
C:\USERS\SCARONI\DROPBOX\COMPUTACAO\IST-UTL\CG\LABS\PROJETO\CG\DEBUG\OLHO.OBJ
C:\USERS\SCARONI\DROPBOX\COMPUTACAO\IST-UTL\CG\LABS\PROJETO\CG\DEBUG\PACMAN.OBJ
C:\USERS\SCARONI\DROPBOX\COMPUTACAO\IST-UTL\CG\LABS\PROJETO\CG\DEBUG\STDAFX.OBJ
C:\USERS\SCARONI\DROPBOX\COMPUTACAO\IST-UTL\CG\LABS\PROJETO\CG\DEBUG\VC100.PDB
C:\USERS\SCARONI\DROPBOX\COMPUTACAO\IST-UTL\CG\LABS\PROJETO\DEBUG\CG.EXE
C:\USERS\SCARONI\DROPBOX\COMPUTACAO\IST-UTL\CG\LABS\PROJETO\DEBUG\CG.ILK
C:\USERS\SCARONI\DROPBOX\COMPUTACAO\IST-UTL\CG\LABS\PROJETO\DEBUG\CG.PDB
